0 info it worked if it ends with ok
1 verbose cli [ 'node', '/usr/local/bin/npm', 'publish' ]
2 info using npm@3.3.5
3 info using node@v0.10.32
4 verbose publish [ '.' ]
5 silly cache add args [ '.', null ]
6 verbose cache add spec .
7 silly cache add parsed spec { raw: '.',
7 silly cache add   scope: null,
7 silly cache add   name: null,
7 silly cache add   rawSpec: '.',
7 silly cache add   spec: '/Users/Mihai/work/NodeJS/node-buffer',
7 silly cache add   type: 'directory' }
8 verbose addLocalDirectory /Users/Mihai/.npm/node-buffer/1.0.0/package.tgz not in flight; packing
9 info lifecycle node-buffer@1.0.0~prepublish: node-buffer@1.0.0
10 silly lifecycle node-buffer@1.0.0~prepublish: no script for prepublish, continuing
11 verbose tar pack [ '/Users/Mihai/.npm/node-buffer/1.0.0/package.tgz',
11 verbose tar pack   '/Users/Mihai/work/NodeJS/node-buffer' ]
12 verbose tarball /Users/Mihai/.npm/node-buffer/1.0.0/package.tgz
13 verbose folder /Users/Mihai/work/NodeJS/node-buffer
14 verbose addLocalTarball adding from inside cache /Users/Mihai/.npm/node-buffer/1.0.0/package.tgz
15 silly cache afterAdd node-buffer@1.0.0
16 verbose afterAdd /Users/Mihai/.npm/node-buffer/1.0.0/package/package.json not in flight; writing
17 verbose afterAdd /Users/Mihai/.npm/node-buffer/1.0.0/package/package.json written
18 silly publish { name: 'node-buffer',
18 silly publish   version: '1.0.0',
18 silly publish   description: 'A node.js module for interacting with the Buffer API.',
18 silly publish   main: 'index.js',
18 silly publish   scripts: { test: 'npm run test-node && npm run test-browser' },
18 silly publish   dependencies: { 'deep-extend': '^0.3.2', request: '^2.51.0' },
18 silly publish   repository:
18 silly publish    { type: 'git',
18 silly publish      url: 'git+https://github.com/mihaiserban/node-buffer.git' },
18 silly publish   keywords: [ 'node.js', 'buffer', 'api' ],
18 silly publish   author: { name: 'Serban Mihai' },
18 silly publish   license: 'BSD-3-Clause',
18 silly publish   bugs: { url: 'https://github.com/mihaiserban/node-buffer/issues' },
18 silly publish   homepage: 'https://github.com/mihaiserban/node-buffer#readme',
18 silly publish   readme: '# node-buffer\n',
18 silly publish   readmeFilename: 'README.md',
18 silly publish   gitHead: 'd7206d6303d4cc0f0c5e468f74f2d8f8c2d6cef4',
18 silly publish   _id: 'node-buffer@1.0.0',
18 silly publish   _shasum: 'c9100cc3c1c17af3cda326fe7f723589767843aa',
18 silly publish   _from: '.' }
19 verbose getPublishConfig undefined
20 silly mapToRegistry name node-buffer
21 silly mapToRegistry using default registry
22 silly mapToRegistry registry https://registry.npmjs.org/
23 silly mapToRegistry uri https://registry.npmjs.org/node-buffer
24 verbose publish registryBase https://registry.npmjs.org/
25 silly publish uploading /Users/Mihai/.npm/node-buffer/1.0.0/package.tgz
26 verbose request uri https://registry.npmjs.org/node-buffer
27 verbose request sending authorization for write operation
28 info attempt registry request try #1 at 21:42:34
29 verbose request using bearer token for auth
30 verbose request id baac7455f4353843
31 http request PUT https://registry.npmjs.org/node-buffer
32 http 403 https://registry.npmjs.org/node-buffer
33 verbose headers { 'content-type': 'application/json',
33 verbose headers   'cache-control': 'max-age=60',
33 verbose headers   'content-length': '95',
33 verbose headers   'accept-ranges': 'bytes',
33 verbose headers   date: 'Wed, 02 Dec 2015 19:42:35 GMT',
33 verbose headers   via: '1.1 varnish',
33 verbose headers   connection: 'keep-alive',
33 verbose headers   'x-served-by': 'cache-fra1229-FRA',
33 verbose headers   'x-cache': 'MISS',
33 verbose headers   'x-cache-hits': '0',
33 verbose headers   'x-timer': 'S1449085354.544626,VS0,VE1058' }
34 verbose request invalidating /Users/Mihai/.npm/registry.npmjs.org/node-buffer on PUT
35 error publish Failed PUT 403
36 verbose stack Error: "You cannot publish over the previously published version 1.0.0." : node-buffer
36 verbose stack     at makeError (/usr/local/lib/node_modules/npm/node_modules/npm-registry-client/lib/request.js:264:12)
36 verbose stack     at CachingRegistryClient.<anonymous> (/usr/local/lib/node_modules/npm/node_modules/npm-registry-client/lib/request.js:252:14)
36 verbose stack     at Request._callback (/usr/local/lib/node_modules/npm/node_modules/npm-registry-client/lib/request.js:172:14)
36 verbose stack     at Request.self.callback (/usr/local/lib/node_modules/npm/node_modules/request/request.js:198:22)
36 verbose stack     at Request.emit (events.js:98:17)
36 verbose stack     at Request.<anonymous> (/usr/local/lib/node_modules/npm/node_modules/request/request.js:1063:14)
36 verbose stack     at Request.emit (events.js:117:20)
36 verbose stack     at IncomingMessage.<anonymous> (/usr/local/lib/node_modules/npm/node_modules/request/request.js:1009:12)
36 verbose stack     at IncomingMessage.emit (events.js:117:20)
36 verbose stack     at _stream_readable.js:943:16
37 verbose statusCode 403
38 verbose pkgid node-buffer
39 verbose cwd /Users/Mihai/work/NodeJS/node-buffer
40 error Darwin 15.0.0
41 error argv "node" "/usr/local/bin/npm" "publish"
42 error node v0.10.32
43 error npm  v3.3.5
44 error code E403
45 error "You cannot publish over the previously published version 1.0.0." : node-buffer
46 error If you need help, you may report this error at:
46 error     <https://github.com/npm/npm/issues>
47 verbose exit [ 1, true ]
